This is pdfTeX, Version 3.1415926-1.40.10 (TeX Live 2009/Debian) (format=pdflatex 2012.3.31)  4 DEC 2012 19:27
entering extended mode
 %&-line parsing enabled.
**thesis.tex
(./thesis.tex
LaTeX2e <2009/09/24>
Babel <v3.8l> and hyphenation patterns for english, usenglishmax, dumylang, noh
yphenation, farsi, arabic, croatian, bulgarian, ukrainian, russian, czech, slov
ak, danish, dutch, finnish, french, basque, ngerman, german, german-x-2009-06-1
9, ngerman-x-2009-06-19, ibycus, monogreek, greek, ancientgreek, hungarian, san
skrit, italian, latin, latvian, lithuanian, mongolian2a, mongolian, bokmal, nyn
orsk, romanian, irish, coptic, serbian, turkish, welsh, esperanto, uppersorbian
, estonian, indonesian, interlingua, icelandic, kurmanji, slovenian, polish, po
rtuguese, spanish, galician, catalan, swedish, ukenglish, pinyin, loaded.
(/usr/share/texmf-texlive/tex/latex/base/report.cls
Document Class: report 2007/10/19 v1.4h Standard LaTeX document class
(/usr/share/texmf-texlive/tex/latex/base/size12.clo
File: size12.clo 2007/10/19 v1.4h Standard LaTeX file (size option)
)
\c@part=\count79
\c@chapter=\count80
\c@section=\count81
\c@subsection=\count82
\c@subsubsection=\count83
\c@paragraph=\count84
\c@subparagraph=\count85
\c@figure=\count86
\c@table=\count87
\abovecaptionskip=\skip41
\belowcaptionskip=\skip42
\bibindent=\dimen102
)
(/usr/share/texmf-texlive/tex/latex/graphics/graphicx.sty
Package: graphicx 1999/02/16 v1.0f Enhanced LaTeX Graphics (DPC,SPQR)

(/usr/share/texmf-texlive/tex/latex/graphics/keyval.sty
Package: keyval 1999/03/16 v1.13 key=value parser (DPC)
\KV@toks@=\toks14
)
(/usr/share/texmf-texlive/tex/latex/graphics/graphics.sty
Package: graphics 2009/02/05 v1.0o Standard LaTeX Graphics (DPC,SPQR)

(/usr/share/texmf-texlive/tex/latex/graphics/trig.sty
Package: trig 1999/03/16 v1.09 sin cos tan (DPC)
)
(/etc/texmf/tex/latex/config/graphics.cfg
File: graphics.cfg 2009/08/28 v1.8 graphics configuration of TeX Live
)
Package graphics Info: Driver file: pdftex.def on input line 91.

(/usr/share/texmf-texlive/tex/latex/pdftex-def/pdftex.def
File: pdftex.def 2010/03/12 v0.04p Graphics/color for pdfTeX
\Gread@gobject=\count88
))
\Gin@req@height=\dimen103
\Gin@req@width=\dimen104
) (./thesis.aux
(./introduction.aux) (./theory/theory.aux) (./detector/detector.aux)
(./hgg7TeV/hgg7TeV.aux) (./combinations/combinations.aux) (./conclusions.aux))
\openout1 = `thesis.aux'.

LaTeX Font Info:    Checking defaults for OML/cmm/m/it on input line 13.
LaTeX Font Info:    ... okay on input line 13.
LaTeX Font Info:    Checking defaults for T1/cmr/m/n on input line 13.
LaTeX Font Info:    ... okay on input line 13.
LaTeX Font Info:    Checking defaults for OT1/cmr/m/n on input line 13.
LaTeX Font Info:    ... okay on input line 13.
LaTeX Font Info:    Checking defaults for OMS/cmsy/m/n on input line 13.
LaTeX Font Info:    ... okay on input line 13.
LaTeX Font Info:    Checking defaults for OMX/cmex/m/n on input line 13.
LaTeX Font Info:    ... okay on input line 13.
LaTeX Font Info:    Checking defaults for U/cmr/m/n on input line 13.
LaTeX Font Info:    ... okay on input line 13.

(/usr/share/texmf/tex/context/base/supp-pdf.mkii
[Loading MPS to PDF converter (version 2006.09.02).]
\scratchcounter=\count89
\scratchdimen=\dimen105
\scratchbox=\box26
\nofMPsegments=\count90
\nofMParguments=\count91
\everyMPshowfont=\toks15
\MPscratchCnt=\count92
\MPscratchDim=\dimen106
\MPnumerator=\count93
\everyMPtoPDFconversion=\toks16
)
LaTeX Font Info:    External font `cmex10' loaded for size
(Font)              <14.4> on input line 21.
LaTeX Font Info:    External font `cmex10' loaded for size
(Font)              <7> on input line 21.
 [1

{/var/lib/texmf/fonts/map/pdftex/updmap/pdftex.map}]
\openout2 = `introduction.aux'.

 (./introduction.tex
LaTeX Font Info:    External font `cmex10' loaded for size
(Font)              <12> on input line 6.
LaTeX Font Info:    External font `cmex10' loaded for size
(Font)              <8> on input line 6.
LaTeX Font Info:    External font `cmex10' loaded for size
(Font)              <6> on input line 6.
)
[2


]
\openout2 = `theory/theory.aux'.

 (./theory/theory.tex
Chapter 1.
) [3




]
\openout2 = `detector/detector.aux'.

 (./detector/detector.tex
Chapter 2.
) [4




]
\openout2 = `hgg7TeV/hgg7TeV.aux'.

 (./hgg7TeV/hgg7TeV.tex
Chapter 3.
[5




] <hgg7TeV/sidebandMvaPlots/fom.png, id=22, 698.61pt x 473.77pt>
File: hgg7TeV/sidebandMvaPlots/fom.png Graphic file (type png)

<use hgg7TeV/sidebandMvaPlots/fom.png>
Underfull \hbox (badness 10000) in paragraph at lines 54--57

 []

[6 <./hgg7TeV/sidebandMvaPlots/fom.png (PNG copy)>]
<hgg7TeV/sidebandMvaPlots/bdt2dplot.png, id=28, 930.47626pt x 661.47125pt>
File: hgg7TeV/sidebandMvaPlots/bdt2dplot.png Graphic file (type png)

<use hgg7TeV/sidebandMvaPlots/bdt2dplot.png>
Underfull \hbox (badness 10000) in paragraph at lines 77--80

 []

[7 <./hgg7TeV/sidebandMvaPlots/bdt2dplot.png (PNG copy)>]
<hgg7TeV/sidebandMvaPlots/data-mc-sbsum-mh145.pdf, id=33, 569.12625pt x 408.526
25pt>
File: hgg7TeV/sidebandMvaPlots/data-mc-sbsum-mh145.pdf Graphic file (type pdf)
 <use hgg7TeV/sidebandMvaPlots/data-mc-sbsum-mh145.pdf>
Underfull \hbox (badness 10000) in paragraph at lines 120--122

 []

[8] [9 <./hgg7TeV/sidebandMvaPlots/data-mc-sbsum-mh145.pdf, page is rotated 90 
degrees>]
<hgg7TeV/sidebandMvaPlots/binningscheme.png, id=84, 775.89874pt x 614.295pt>
File: hgg7TeV/sidebandMvaPlots/binningscheme.png Graphic file (type png)

<use hgg7TeV/sidebandMvaPlots/binningscheme.png>) [10] [11 <./hgg7TeV/sidebandM
vaPlots/binningscheme.png (PNG copy)>] [12]
\openout2 = `combinations/combinations.aux'.

 (./combinations/combinations.tex
Chapter 4.
) [13




]
\openout2 = `conclusions.aux'.

 (./conclusions.tex
Chapter 5.
) [14




] (./thesis.aux (./introduction.aux) (./theory/theory.aux)
(./detector/detector.aux) (./hgg7TeV/hgg7TeV.aux)
(./combinations/combinations.aux) (./conclusions.aux)) ) 
Here is how much of TeX's memory you used:
 1023 strings out of 493848
 13473 string characters out of 1152823
 66571 words of memory out of 3000000
 4297 multiletter control sequences out of 15000+50000
 9414 words of font info for 33 fonts, out of 3000000 for 9000
 714 hyphenation exceptions out of 8191
 25i,6n,19p,442b,220s stack positions out of 5000i,500n,10000p,200000b,50000s
</usr/share/texmf-texli
ve/fonts/type1/public/amsfonts/cm/cmbx12.pfb></usr/share/texmf-texlive/fonts/ty
pe1/public/amsfonts/cm/cmex10.pfb></usr/share/texmf-texlive/fonts/type1/public/
amsfonts/cm/cmmi12.pfb></usr/share/texmf-texlive/fonts/type1/public/amsfonts/cm
/cmmi8.pfb></usr/share/texmf-texlive/fonts/type1/public/amsfonts/cm/cmr12.pfb><
/usr/share/texmf-texlive/fonts/type1/public/amsfonts/cm/cmr8.pfb></usr/share/te
xmf-texlive/fonts/type1/public/amsfonts/cm/cmsy10.pfb></usr/share/texmf-texlive
/fonts/type1/public/amsfonts/cm/cmsy8.pfb>
Output written on thesis.pdf (14 pages, 362110 bytes).
PDF statistics:
 127 PDF objects out of 1000 (max. 8388607)
 0 named destinations out of 1000 (max. 500000)
 21 words of extra memory for PDF output out of 10000 (max. 10000000)

