\BOOKMARK [1][-]{section.0.1}{Introduction}{}
\BOOKMARK [0][-]{chapter.1}{Theory and Motivations}{}
\BOOKMARK [1][-]{section.1.1}{The Standard Model}{chapter.1}
\BOOKMARK [1][-]{section.1.2}{The SM Higgs}{chapter.1}
\BOOKMARK [2][-]{subsection.1.2.1}{The Higgs mechanism}{section.1.2}
\BOOKMARK [2][-]{subsection.1.2.2}{Constraints and previous searches}{section.1.2}
\BOOKMARK [2][-]{subsection.1.2.3}{Higgs production at the LHC}{section.1.2}
\BOOKMARK [0][-]{chapter.2}{The LHC and the CMS Detector}{}
\BOOKMARK [1][-]{section.2.1}{The LHC}{chapter.2}
\BOOKMARK [1][-]{section.2.2}{The CMS Detector}{chapter.2}
\BOOKMARK [2][-]{subsection.2.2.1}{Tracker}{section.2.2}
\BOOKMARK [2][-]{subsection.2.2.2}{Electromagnetic Calorimeter}{section.2.2}
\BOOKMARK [2][-]{subsection.2.2.3}{Shower-shape and Isolation}{section.2.2}
\BOOKMARK [1][-]{section.2.3}{Level-1 Trigger}{chapter.2}
\BOOKMARK [0][-]{chapter.3}{Higgs Decay to Two Photons}{}
\BOOKMARK [1][-]{section.3.1}{Data Samples}{chapter.3}
\BOOKMARK [1][-]{section.3.2}{Object Reconstruction and Identification}{chapter.3}
\BOOKMARK [2][-]{subsection.3.2.1}{Supercluster Energy Correction}{section.3.2}
\BOOKMARK [2][-]{subsection.3.2.2}{Vertex Selection}{section.3.2}
\BOOKMARK [2][-]{subsection.3.2.3}{Photon Identification}{section.3.2}
\BOOKMARK [1][-]{section.3.3}{Event Selection}{chapter.3}
\BOOKMARK [2][-]{subsection.3.3.1}{Diphoton BDT}{section.3.3}
\BOOKMARK [2][-]{subsection.3.3.2}{Dijet Tagging}{section.3.3}
\BOOKMARK [1][-]{section.3.4}{Signal Extraction}{chapter.3}
\BOOKMARK [2][-]{subsection.3.4.1}{Definition of the Signal Region}{section.3.4}
\BOOKMARK [2][-]{subsection.3.4.2}{Event Categorisation BDT}{section.3.4}
\BOOKMARK [2][-]{subsection.3.4.3}{Binning of the BDT Output Distribution}{section.3.4}
\BOOKMARK [2][-]{subsection.3.4.4}{Background Model}{section.3.4}
\BOOKMARK [2][-]{subsection.3.4.5}{Signal Model}{section.3.4}
\BOOKMARK [2][-]{subsection.3.4.6}{Statistical Interpretations of the Data}{section.3.4}
\BOOKMARK [1][-]{section.3.5}{Inclusion of 2012 Data}{chapter.3}
\BOOKMARK [2][-]{subsection.3.5.1}{Updates for the 8 TeV Analysis}{section.3.5}
\BOOKMARK [2][-]{subsection.3.5.2}{Results from the Combined Datasets}{section.3.5}
\BOOKMARK [0][-]{chapter.4}{Higgs Combinations and Properties}{}
\BOOKMARK [1][-]{section.4.1}{Statistical interpretation of data}{chapter.4}
\BOOKMARK [2][-]{subsection.4.1.1}{Diagnostics}{section.4.1}
\BOOKMARK [2][-]{subsection.4.1.2}{Combined Higgs search results}{section.4.1}
\BOOKMARK [1][-]{section.4.2}{Properties}{chapter.4}
\BOOKMARK [0][-]{chapter.5}{Conclusions}{}
\BOOKMARK [0][-]{section*.67}{Bibliography}{}
\BOOKMARK [0][-]{section*.69}{List of Figures}{}
\BOOKMARK [0][-]{section*.71}{List of Tables}{}
